Flow report for washing_machine
Wed Jun 06 17:32:49 2018
Quartus II Version 9.1 Build 350 03/24/2010 Service Pack 2 SJ Web Edition


---------------------
; Table of Contents ;
---------------------
  1. Legal Notice
  2. Flow Summary
  3. Flow Settings
  4. Flow Non-Default Global Settings
  5. Flow Elapsed Time
  6. Flow OS Summary
  7. Flow Log



----------------
; Legal Notice ;
----------------
Copyright (C) 1991-2010 Altera Corporation
Your use of Altera Corporation's design tools, logic functions 
and other software and tools, and its AMPP partner logic 
functions, and any output files from any of the foregoing 
(including device programming or simulation files), and any 
associated documentation or information are expressly subject 
to the terms and conditions of the Altera Program License 
Subscription Agreement, Altera MegaCore Function License 
Agreement, or other applicable license agreement, including, 
without limitation, that your use is for the sole purpose of 
programming logic devices manufactured by Altera and sold by 
Altera or its authorized distributors.  Please refer to the 
applicable agreement for further details.



+-----------------------------------------------------------------------------------+
; Flow Summary                                                                      ;
+------------------------------------+----------------------------------------------+
; Flow Status                        ; Successful - Wed Jun 06 17:32:49 2018        ;
; Quartus II Version                 ; 9.1 Build 350 03/24/2010 SP 2 SJ Web Edition ;
; Revision Name                      ; washing_machine                              ;
; Top-level Entity Name              ; washing_machine                              ;
; Family                             ; Cyclone II                                   ;
; Device                             ; EP2C35F672C6                                 ;
; Timing Models                      ; Final                                        ;
; Met timing requirements            ; Yes                                          ;
; Total logic elements               ; 0 / 33,216 ( 0 % )                           ;
;     Total combinational functions  ; 0 / 33,216 ( 0 % )                           ;
;     Dedicated logic registers      ; 0 / 33,216 ( 0 % )                           ;
; Total registers                    ; 0                                            ;
; Total pins                         ; 13 / 475 ( 3 % )                             ;
; Total virtual pins                 ; 0                                            ;
; Total memory bits                  ; 0 / 483,840 ( 0 % )                          ;
; Embedded Multiplier 9-bit elements ; 0 / 70 ( 0 % )                               ;
; Total PLLs                         ; 0 / 4 ( 0 % )                                ;
+------------------------------------+----------------------------------------------+


+-----------------------------------------+
; Flow Settings                           ;
+-------------------+---------------------+
; Option            ; Setting             ;
+-------------------+---------------------+
; Start date & time ; 06/06/2018 17:32:41 ;
; Main task         ; Compilation         ;
; Revision Name     ; washing_machine     ;
+-------------------+---------------------+


+-----------------------------------------------------------------------------------------------------------------------------------------------------------+
; Flow Non-Default Global Settings                                                                                                                          ;
+--------------------------------------+---------------------------------------------------------------+---------------+-------------+----------------------+
; Assignment Name                      ; Value                                                         ; Default Value ; Entity Name ; Section Id           ;
+--------------------------------------+---------------------------------------------------------------+---------------+-------------+----------------------+
; COMPILER_SIGNATURE_ID                ; 202904471155384.152831716104184                               ; --            ; --          ; --                   ;
; EDA_DESIGN_ENTRY_SYNTHESIS_TOOL      ; Design Compiler                                               ; <None>        ; --          ; --                   ;
; EDA_INPUT_DATA_FORMAT                ; Verilog Hdl                                                   ; --            ; --          ; eda_design_synthesis ;
; EDA_INPUT_VCC_NAME                   ; Vdd                                                           ; --            ; --          ; eda_design_synthesis ;
; EDA_LMF_FILE                         ; altsyn.lmf                                                    ; --            ; --          ; eda_design_synthesis ;
; EDA_NATIVELINK_SIMULATION_TEST_BENCH ; tb                                                            ; --            ; --          ; eda_simulation       ;
; EDA_OUTPUT_DATA_FORMAT               ; Verilog Hdl                                                   ; --            ; --          ; eda_simulation       ;
; EDA_SIMULATION_TOOL                  ; ModelSim-Altera (Verilog)                                     ; <None>        ; --          ; --                   ;
; EDA_TEST_BENCH_ENABLE_STATUS         ; TEST_BENCH_MODE                                               ; --            ; --          ; eda_simulation       ;
; EDA_TIME_SCALE                       ; 1 ps                                                          ; --            ; --          ; eda_simulation       ;
; MAX_CORE_JUNCTION_TEMP               ; 85                                                            ; --            ; --          ; --                   ;
; MIN_CORE_JUNCTION_TEMP               ; 0                                                             ; --            ; --          ; --                   ;
; MISC_FILE                            ; C:/Users/aluno/Desktop/WashingMachine/washing_machine.dpf     ; --            ; --          ; --                   ;
; MISC_FILE                            ; C:/Users/aluno/Desktop/Projeto-CL2-master/washing_machine.dpf ; --            ; --          ; --                   ;
; PARTITION_COLOR                      ; 16764057                                                      ; --            ; --          ; Top                  ;
; PARTITION_NETLIST_TYPE               ; SOURCE                                                        ; --            ; --          ; Top                  ;
; USE_GENERATED_PHYSICAL_CONSTRAINTS   ; Off                                                           ; --            ; --          ; eda_blast_fpga       ;
+--------------------------------------+---------------------------------------------------------------+---------------+-------------+----------------------+


+-----------------------------------------------------------------------------------------------------------------------------+
; Flow Elapsed Time                                                                                                           ;
+-------------------------+--------------+-------------------------+---------------------+------------------------------------+
; Module Name             ; Elapsed Time ; Average Processors Used ; Peak Virtual Memory ; Total CPU Time (on all processors) ;
+-------------------------+--------------+-------------------------+---------------------+------------------------------------+
; Analysis & Synthesis    ; 00:00:01     ; 1.0                     ; 210 MB              ; 00:00:00                           ;
; Fitter                  ; 00:00:03     ; 1.0                     ; 263 MB              ; 00:00:03                           ;
; Assembler               ; 00:00:01     ; 1.0                     ; 249 MB              ; 00:00:01                           ;
; Classic Timing Analyzer ; 00:00:00     ; 1.0                     ; 151 MB              ; 00:00:00                           ;
; EDA Netlist Writer      ; 00:00:00     ; 1.0                     ; 164 MB              ; 00:00:00                           ;
; Total                   ; 00:00:05     ; --                      ; --                  ; 00:00:04                           ;
+-------------------------+--------------+-------------------------+---------------------+------------------------------------+


+------------------------------------------------------------------------------------------+
; Flow OS Summary                                                                          ;
+-------------------------+------------------+---------------+------------+----------------+
; Module Name             ; Machine Hostname ; OS Name       ; OS Version ; Processor type ;
+-------------------------+------------------+---------------+------------+----------------+
; Analysis & Synthesis    ; User             ; Windows Vista ; 6.2        ; x86_64         ;
; Fitter                  ; User             ; Windows Vista ; 6.2        ; x86_64         ;
; Assembler               ; User             ; Windows Vista ; 6.2        ; x86_64         ;
; Classic Timing Analyzer ; User             ; Windows Vista ; 6.2        ; x86_64         ;
; EDA Netlist Writer      ; User             ; Windows Vista ; 6.2        ; x86_64         ;
+-------------------------+------------------+---------------+------------+----------------+


------------
; Flow Log ;
------------
quartus_map --read_settings_files=on --write_settings_files=off washing_machine -c washing_machine
quartus_fit --read_settings_files=off --write_settings_files=off washing_machine -c washing_machine
quartus_asm --read_settings_files=off --write_settings_files=off washing_machine -c washing_machine
quartus_tan --read_settings_files=off --write_settings_files=off washing_machine -c washing_machine --timing_analysis_only
quartus_eda --read_settings_files=off --write_settings_files=off washing_machine -c washing_machine



